[Message:   BepInEx] BepInEx 5.4.21.0 - Lethal Company (12/9/2023 9:27:21 PM)
[Info   :   BepInEx] Running under Unity v2022.3.9.15351836
[Info   :   BepInEx] CLR runtime version: 4.0.30319.42000
[Info   :   BepInEx] Supports SRE: True
[Info   :   BepInEx] System platform: Bits64, Windows
[Message:   BepInEx] Preloader started
[Info   :   BepInEx] Loaded 1 patcher method from [BepInEx.Preloader 5.4.21.0]
[Info   :   BepInEx] Loaded 1 patcher method from [BepInEx.MonoMod.HookGenPatcher 1.2.1.0]
[Info   :   BepInEx] 2 patcher plugins loaded
[Info   :HookGenPatcher] Previous MMHOOK location found. Using that location to save instead.
[Info   :HookGenPatcher] Already ran for this version, reusing that file.
[Info   :HookGenPatcher] Previous MMHOOK location found. Using that location to save instead.
[Info   :HookGenPatcher] Already ran for this version, reusing that file.
[Info   :HookGenPatcher] Previous MMHOOK location found. Using that location to save instead.
[Info   :HookGenPatcher] Already ran for this version, reusing that file.
[Info   :HookGenPatcher] Previous MMHOOK location found. Using that location to save instead.
[Info   :HookGenPatcher] Already ran for this version, reusing that file.
[Info   :HookGenPatcher] Previous MMHOOK location found. Using that location to save instead.
[Info   :HookGenPatcher] Already ran for this version, reusing that file.
[Info   :HookGenPatcher] Previous MMHOOK location found. Using that location to save instead.
[Info   :HookGenPatcher] Already ran for this version, reusing that file.
[Info   :   BepInEx] Patching [UnityEngine.CoreModule] with [BepInEx.Chainloader]
[Message:   BepInEx] Preloader finished
[Message:   BepInEx] Chainloader ready
[Message:   BepInEx] Chainloader started
[Info   :   BepInEx] 28 plugins to load
[Warning:   BepInEx] Skipping [Lethal Company Input Utils 0.4.3] because a newer version exists (Lethal Company Input Utils 0.4.3)
[Warning:   BepInEx] Plugin [AdditionalSuits 1.1.3] targets a wrong version of BepInEx (5.4.22.0) and might not work until you update
[Warning:   BepInEx] Plugin [Better Lethality 1.0.0.0] targets a wrong version of BepInEx (5.4.22.0) and might not work until you update
[Warning:   BepInEx] Plugin [HealthMetrics 1.0.0] targets a wrong version of BepInEx (5.4.22.0) and might not work until you update
[Warning:   BepInEx] Plugin [Hit Haste 1.0.0.0] targets a wrong version of BepInEx (5.4.22.0) and might not work until you update
[Warning:   BepInEx] Plugin [MoreEmotes-Sligili 1.2.2] targets a wrong version of BepInEx (5.4.22.0) and might not work until you update
[Warning:   BepInEx] Plugin [NicerTeleporters 1.1.0] targets a wrong version of BepInEx (5.4.22.0) and might not work until you update
[Warning:   BepInEx] Plugin [Too Many Suits 1.0.4] targets a wrong version of BepInEx (5.4.22.0) and might not work until you update
[Warning:   BepInEx] Plugin [HDLethalCompany-Sligili 1.5.6] targets a wrong version of BepInEx (5.4.22.0) and might not work until you update
[Info   :   BepInEx] Loading [AdditionalSuits 1.1.3]
[Info   :ACS.AdditionalSuits] AdditionalSuits - initializing...
[Info   :ACS.AdditionalSuits] AdditionalSuits - initialized!
[Info   :   BepInEx] Loading [Free Jester 1.0.3]
[Info   :atg.FreeJester] Starting Free Jester :D
[Info   :atg.FreeJester] D:\Games\Lethal Company\Lethal Company v45\BepInEx\plugins\FreeJester\freebird
[Info   :atg.FreeJester] Free Jester is loaded
[Info   :   BepInEx] Loading [Quota Rollover 2.1.0]
[Info   :Quota Rollover] Mod Boxofbiscuits97.QuotraRollover is loaded!
[Info   :   BepInEx] Loading [LethalLib 0.6.3]
[Info   : LethalLib] LethalLib loaded!!
[Info   :   BepInEx] Loading [More Ship Upgrades 2.8.0]
[Info   :More Ship Upgrades] LGU has been patched
[Info   :   BepInEx] Loading [Lethal Company Input Utils 0.4.3]
[Warning:  HarmonyX] AccessTools.DeclaredMethod: Could not find method for type KepRemapPanel and name LoadKeybindsUI and parameters 
[Info   :   BepInEx] Loading [HotbarPlus 1.3.5]
[Info   :HotbarPlus] BindingConfigs
[Info   :HotbarPlus] HotbarPlus loaded
[Info   :   BepInEx] Loading [ReservedItemSlotCore 1.6.0]
[Info   :ReservedItemSlotCore] BindingConfigs
[Info   :ReservedItemSlotCore] ReservedItemSlotCore loaded
[Info   :   BepInEx] Loading [ReservedFlashlightSlot 1.5.0]
[Info   :ReservedFlashlightSlot] BindingConfigs
[Info   :ReservedFlashlightSlot] ReservedFlashlightSlot loaded
[Info   :   BepInEx] Loading [ReservedWalkieSlot 1.5.0]
[Info   :ReservedWalkieSlot] BindingConfigs
[Info   :ReservedWalkieSlot] ReservedWalkieSlot loaded
[Info   :   BepInEx] Loading [TooManyEmotes 1.5.2]
[Info   :TooManyEmotes] BindingConfigs
[Info   :TooManyEmotes] Cleaning old config entries
[Info   :TooManyEmotes] Successfully loaded 8 animation clips from asset bundle: Assets/emotes_complementary
[Info   :TooManyEmotes] Successfully loaded 49 animation clips from asset bundle: Assets/emotes_0
[Info   :TooManyEmotes] Successfully loaded 38 animation clips from asset bundle: Assets/emotes_1
[Info   :TooManyEmotes] Successfully loaded 23 animation clips from asset bundle: Assets/emotes_2
[Info   :TooManyEmotes] Successfully loaded 3 animation clips from asset bundle: Assets/emotes_3
[Info   :TooManyEmotes] Successfully loaded radial menu asset.
[Info   :TooManyEmotes] TooManyEmotes loaded
[Info   :   BepInEx] Loading [HDLethalCompany-Sligili 1.5.6]
[Info   :HDLethalCompany-Sligili] HDLethalCompany loaded
[Info   :   BepInEx] Loading [LC_API 2.1.1]
[Warning:    LC_API] 
.____    _________           _____  __________ .___  
|    |   \_   ___ \         /  _  \ \______   \|   | 
|    |   /    \  \/        /  /_\  \ |     ___/|   | 
|    |___\     \____      /    |    \|    |    |   | 
|_______ \\______  /______\____|__  /|____|    |___| 
        \/       \//_____/        \/                 
                                                     
[Info   :    LC_API] LC_API Starting up..
[Info   :   BepInEx] Loading [HealthMetrics 1.0.0]
[Info   :Matsuura.HealthMetrics] HealthMetrics Awake
[Info   :   BepInEx] Loading [MoreCompany 1.7.2]
[Info   :MoreCompany] Loading MoreCompany...
[Info   :MoreCompany] Checking: D:\Games\Lethal Company\Lethal Company v45\BepInEx\plugins/MoreCompanyCosmetics
[Info   :MoreCompany] Read settings and cosmetics
[Info   :MoreCompany] Loaded cosmetic: builtin.3dglasses from bundle
[Info   :MoreCompany] Loaded cosmetic: builtin.bunnyears from bundle
[Info   :MoreCompany] Loaded cosmetic: builtin.denimhat from bundle
[Info   :MoreCompany] Loaded cosmetic: builtin.fancyglasses from bundle
[Info   :MoreCompany] Loaded cosmetic: builtin.partyglasses from bundle
[Info   :MoreCompany] Loaded cosmetic: builtin.gunholster from bundle
[Info   :MoreCompany] Loaded cosmetic: builtin.hardhat from bundle
[Info   :MoreCompany] Loaded cosmetic: builtin.jesterhat from bundle
[Info   :MoreCompany] Loaded cosmetic: builtin.kittyears from bundle
[Info   :MoreCompany] Loaded cosmetic: builtin.mimemask from bundle
[Info   :MoreCompany] Loaded cosmetic: builtin.fancypants from bundle
[Info   :MoreCompany] Loaded cosmetic: builtin.outoforder from bundle
[Info   :MoreCompany] Loaded cosmetic: builtin.partyhat from bundle
[Info   :MoreCompany] Loaded cosmetic: builtin.plaguemask from bundle
[Info   :MoreCompany] Loaded cosmetic: builtin.propellerhat from bundle
[Info   :MoreCompany] Loaded cosmetic: builtin.eyeballs from bundle
[Info   :MoreCompany] Loaded cosmetic: builtin.rudolph from bundle
[Info   :MoreCompany] Loaded cosmetic: builtin.santahat from bundle
[Info   :MoreCompany] Loaded cosmetic: builtin.slimething from bundle
[Info   :MoreCompany] Loaded cosmetic: builtin.tophat from bundle
[Info   :MoreCompany] Loaded cosmetic: builtin.watch from bundle
[Info   :MoreCompany] Loading USER COSMETICS...
[Info   :MoreCompany] Loaded MoreCompany FULLY
[Info   :   BepInEx] Loading [MoreEmotes-Sligili 1.2.2]
[Info   :MoreEmotes-Sligili] MoreEmotes loaded
[Info   :   BepInEx] Loading [NicerTeleporters 1.1.0]
[Info   :MV.NicerTeleporters] Patched NicerTeleporters.
[Info   :   BepInEx] Loading [Flashlight 1.5.0]
[Info   :Flashlight] ------Flashlight done.------
[Info   :   BepInEx] Loading [Skinwalker Mod 1.0.8]
[Info   :RugbugRedfern.SkinwalkerMod] SKINWALKER MOD STARTING UP 1.0.8
[Info   :RugbugRedfern.SkinwalkerMod] VoiceEnabled_BaboonHawk VALUE LOADED FROM CONFIG: [True]
[Info   :RugbugRedfern.SkinwalkerMod] VoiceEnabled_Bracken VALUE LOADED FROM CONFIG: [True]
[Info   :RugbugRedfern.SkinwalkerMod] VoiceEnabled_BunkerSpider VALUE LOADED FROM CONFIG: [True]
[Info   :RugbugRedfern.SkinwalkerMod] VoiceEnabled_Centipede VALUE LOADED FROM CONFIG: [True]
[Info   :RugbugRedfern.SkinwalkerMod] VoiceEnabled_CoilHead VALUE LOADED FROM CONFIG: [True]
[Info   :RugbugRedfern.SkinwalkerMod] VoiceEnabled_EyelessDog VALUE LOADED FROM CONFIG: [True]
[Info   :RugbugRedfern.SkinwalkerMod] VoiceEnabled_ForestGiant VALUE LOADED FROM CONFIG: [False]
[Info   :RugbugRedfern.SkinwalkerMod] VoiceEnabled_GhostGirl VALUE LOADED FROM CONFIG: [True]
[Info   :RugbugRedfern.SkinwalkerMod] VoiceEnabled_GiantWorm VALUE LOADED FROM CONFIG: [False]
[Info   :RugbugRedfern.SkinwalkerMod] VoiceEnabled_HoardingBug VALUE LOADED FROM CONFIG: [True]
[Info   :RugbugRedfern.SkinwalkerMod] VoiceEnabled_Hygrodere VALUE LOADED FROM CONFIG: [False]
[Info   :RugbugRedfern.SkinwalkerMod] VoiceEnabled_Jester VALUE LOADED FROM CONFIG: [True]
[Info   :RugbugRedfern.SkinwalkerMod] VoiceEnabled_Masked VALUE LOADED FROM CONFIG: [True]
[Info   :RugbugRedfern.SkinwalkerMod] VoiceEnabled_Nutcracker VALUE LOADED FROM CONFIG: [True]
[Info   :RugbugRedfern.SkinwalkerMod] VoiceEnabled_SporeLizard VALUE LOADED FROM CONFIG: [True]
[Info   :RugbugRedfern.SkinwalkerMod] VoiceEnabled_Thumper VALUE LOADED FROM CONFIG: [True]
[Info   :RugbugRedfern.SkinwalkerMod] VoiceLineFrequency VALUE LOADED FROM CONFIG: [1]
[Info   :RugbugRedfern.SkinwalkerMod] Skinwalker Mod Object Initialized
[Info   :   BepInEx] Loading [CompatibilityChecker 1.1.6]
[Info   :CompatibilityChecker] Plugin Ryokune.CompatibilityChecker is loaded!
[Info   :CompatibilityChecker] Modded servers with CompatibilityChecker will now notify you what mods are needed.
[Info   :   BepInEx] Loading [ScrollInverter 1.0.0]
[Warning:  HarmonyX] AccessTools.DeclaredMethod: Could not find method for type GameNetcodeStuff.PlayerControllerB and name SwitchItem_performed and parameters 
[Info   :   BepInEx] Loading [Hit Haste 1.0.0.0]
[Info   :Supremo.HitHaste] HitHaste Mod started
[Info   :   BepInEx] Loading [LethalRegeneration 1.1.0]
[Info   :LethalRegeneration] Configuration Set
[Info   :LethalRegeneration] LethalRegeneration Awaken
[Info   :   BepInEx] Loading [More Suits 1.4.1]
[Info   :More Suits] Plugin More Suits is loaded!
[Info   :   BepInEx] Loading [Too Many Suits 1.0.4]
[Info   :Too Many Suits] TooManySuits Mod Loaded.
[Info   :   BepInEx] Loading [Better Lethality 1.0.0.0]
[Info   :Better Lethality] Lethality has been bettered
[Info   :   BepInEx] Loading [WeatherMultipliers 1.0.0]
[Info   :WeatherMultipliers] Plugin WeatherMultipliers is loaded!
[Message:   BepInEx] Chainloader startup complete
[Message:    LC_API] BundleAPI will now load all asset bundles...
[Message:    LC_API] BundleAPI got no assets to load from legacy directory
[Message:    LC_API] BundleAPI got 14 AssetBundles to load!
[Error  :    LC_API] Failed to load an assetbundle! Path: D:\Games\Lethal Company\Lethal Company v45\BepInEx\plugins\suitselect
[Error  :    LC_API] Failed to load an assetbundle! Path: D:\Games\Lethal Company\Lethal Company v45\BepInEx\plugins\Assets\emotes_0
[Error  :    LC_API] Failed to load an assetbundle! Path: D:\Games\Lethal Company\Lethal Company v45\BepInEx\plugins\Assets\emotes_1
[Error  :    LC_API] Failed to load an assetbundle! Path: D:\Games\Lethal Company\Lethal Company v45\BepInEx\plugins\Assets\emotes_2
[Error  :    LC_API] Failed to load an assetbundle! Path: D:\Games\Lethal Company\Lethal Company v45\BepInEx\plugins\Assets\emotes_3
[Error  :    LC_API] Failed to load an assetbundle! Path: D:\Games\Lethal Company\Lethal Company v45\BepInEx\plugins\Assets\emotes_complementary
[Error  :    LC_API] Failed to load an assetbundle! Path: D:\Games\Lethal Company\Lethal Company v45\BepInEx\plugins\Assets\radial_menu
[Error  :    LC_API] Failed to load an assetbundle! Path: D:\Games\Lethal Company\Lethal Company v45\BepInEx\plugins\FreeJester\freebird
[Error  :    LC_API] Failed to load an assetbundle! Path: D:\Games\Lethal Company\Lethal Company v45\BepInEx\plugins\LethalLib\LethalLib.pdb
[Error  :    LC_API] Failed to load an assetbundle! Path: D:\Games\Lethal Company\Lethal Company v45\BepInEx\plugins\MoreEmotes\animationsbundle
[Error  :    LC_API] Failed to load an assetbundle! Path: D:\Games\Lethal Company\Lethal Company v45\BepInEx\plugins\MoreEmotes\animatorbundle
[Error  :    LC_API] Failed to load an assetbundle! Path: D:\Games\Lethal Company\Lethal Company v45\BepInEx\plugins\MoreShipUpgrades\shipupgrades
[Error  :    LC_API] Failed to load an assetbundle! Path: D:\Games\Lethal Company\Lethal Company v45\BepInEx\plugins\BepInEx\config\HDLethalCompany.cfg
[Error  :    LC_API] Failed to load an assetbundle! Path: D:\Games\Lethal Company\Lethal Company v45\BepInEx\plugins\BepInEx\plugins\HDLethalCompany\hdlethalcompany
[Message:    LC_API] BundleAPI finished loading all assets.
[Message:    LC_API] BundleAPI finished loading all assets.
[Info   :    LC_API] LC_API Started!
[Info   :TooManyEmotes] Applying compatibility patch for More_Emotes
[Info   :CompatibilityChecker] ThunderstoreAPI Initialized! Got packages: 8458
[Info   :CompatibilityChecker] [ACS.AdditionalSuits] Found package: AdditionalSuits[1.1.3]
		DATA:
		--NAME: Immortalite-NocturnalSuits
		--LINK: https://thunderstore.io/c/lethal-company/p/Immortalite/NocturnalSuits/
[Info   :CompatibilityChecker] [atg.FreeJester] Found package: Free Jester[1.0.3]
		DATA:
		--NAME: atg-FreeJester
		--LINK: https://thunderstore.io/c/lethal-company/p/atg/FreeJester/
[Info   :CompatibilityChecker] [Boxofbiscuits97.QuotraRollover] Found package: Quota Rollover[2.1.0]
		DATA:
		--NAME: P0pMan20-CreditRollover
		--LINK: https://thunderstore.io/c/lethal-company/p/P0pMan20/CreditRollover/
[Info   :CompatibilityChecker] [evaisa.lethallib] Found package: LethalLib[0.6.3]
		DATA:
		--NAME: PanHouse-LethalClunk
		--LINK: https://thunderstore.io/c/lethal-company/p/PanHouse/LethalClunk/
[Info   :CompatibilityChecker] [com.malco.lethalcompany.moreshipupgrades] Found package: More Ship Upgrades[2.8.0]
		DATA:
		--NAME: TheHorror-___
		--LINK: https://thunderstore.io/c/lethal-company/p/TheHorror/___/
[Info   :CompatibilityChecker] [com.rune580.LethalCompanyInputUtils] Found package: Lethal Company Input Utils[0.4.3]
		DATA:
		--NAME: TeamTinyAdmin-Lethal_Company_Tiny_Admin
		--LINK: https://thunderstore.io/c/lethal-company/p/TeamTinyAdmin/Lethal_Company_Tiny_Admin/
[Info   :CompatibilityChecker] [FlipMods.HotbarPlus] Found package: HotbarPlus[1.3.5]
		DATA:
		--NAME: FlipMods-HotbarPlus
		--LINK: https://thunderstore.io/c/lethal-company/p/FlipMods/HotbarPlus/
[Info   :CompatibilityChecker] [FlipMods.ReservedItemSlotCore] Found package: ReservedItemSlotCore[1.6.0]
		DATA:
		--NAME: FlipMods-ReservedItemSlotCore
		--LINK: https://thunderstore.io/c/lethal-company/p/FlipMods/ReservedItemSlotCore/
[Info   :CompatibilityChecker] [FlipMods.ReservedFlashlightSlot] Found package: ReservedFlashlightSlot[1.5.0]
		DATA:
		--NAME: FlipMods-ReservedFlashlightSlot
		--LINK: https://thunderstore.io/c/lethal-company/p/FlipMods/ReservedFlashlightSlot/
[Info   :CompatibilityChecker] [FlipMods.ReservedWalkieSlot] Found package: ReservedWalkieSlot[1.5.0]
		DATA:
		--NAME: FlipMods-ReservedWalkieSlot
		--LINK: https://thunderstore.io/c/lethal-company/p/FlipMods/ReservedWalkieSlot/
[Info   :CompatibilityChecker] [FlipMods.TooManyEmotes] Found package: TooManyEmotes[1.5.2]
		DATA:
		--NAME: FlipMods-TooManyEmotes
		--LINK: https://thunderstore.io/c/lethal-company/p/FlipMods/TooManyEmotes/
[Info   :CompatibilityChecker] [HDLethalCompany] Found package: HDLethalCompany-Sligili[1.5.6]
		DATA:
		--NAME: Vyrxs-NonLethalCompany
		--LINK: https://thunderstore.io/c/lethal-company/p/Vyrxs/NonLethalCompany/
[Info   :CompatibilityChecker] [LC_API] Found package: LC_API[2.1.1]
		DATA:
		--NAME: boring-NoPenaltyNoLCAPI
		--LINK: https://thunderstore.io/c/lethal-company/p/boring/NoPenaltyNoLCAPI/
[Info   :CompatibilityChecker] [Matsuura.HealthMetrics] Found package: HealthMetrics[1.0.0]
		DATA:
		--NAME: matsuura-HealthMetrics
		--LINK: https://thunderstore.io/c/lethal-company/p/matsuura/HealthMetrics/
[Info   :CompatibilityChecker] [me.swipez.melonloader.morecompany] Found package: MoreCompany[1.7.2]
		DATA:
		--NAME: 2018-Movement_Company
		--LINK: https://thunderstore.io/c/lethal-company/p/2018/Movement_Company/
[Info   :CompatibilityChecker] [MoreEmotes] Found package: MoreEmotes-Sligili[1.2.2]
		DATA:
		--NAME: Sligili-More_Emotes
		--LINK: https://thunderstore.io/c/lethal-company/p/Sligili/More_Emotes/
[Info   :CompatibilityChecker] [MV.NicerTeleporters] Found package: NicerTeleporters[1.1.0]
		DATA:
		--NAME: Lomeli-StartingTeleporters
		--LINK: https://thunderstore.io/c/lethal-company/p/Lomeli/StartingTeleporters/
[Info   :CompatibilityChecker] [rr.Flashlight] Found package: Flashlight[1.5.0]
		DATA:
		--NAME: Glitch-NoFlashlightSound
		--LINK: https://thunderstore.io/c/lethal-company/p/Glitch/NoFlashlightSound/
[Info   :CompatibilityChecker] [RugbugRedfern.SkinwalkerMod] Found package: Skinwalker Mod[1.0.8]
		DATA:
		--NAME: RugbugRedfern-Skinwalkers
		--LINK: https://thunderstore.io/c/lethal-company/p/RugbugRedfern/Skinwalkers/
[Info   :CompatibilityChecker] [Ryokune.CompatibilityChecker] Found package: CompatibilityChecker[1.1.6]
		DATA:
		--NAME: Ryokune-CompatibilityChecker
		--LINK: https://thunderstore.io/c/lethal-company/p/Ryokune/CompatibilityChecker/
[Info   :CompatibilityChecker] [ScrollInverter] Found package: ScrollInverter[1.0.0]
		DATA:
		--NAME: MaxWasUnavailable-ScrollInverter
		--LINK: https://thunderstore.io/c/lethal-company/p/MaxWasUnavailable/ScrollInverter/
[Info   :CompatibilityChecker] [Supremo.HitHaste] Found package: Hit Haste[1.0.0.0]
		DATA:
		--NAME: Supremo-Hit_Haste
		--LINK: https://thunderstore.io/c/lethal-company/p/Supremo/Hit_Haste/
[Info   :CompatibilityChecker] [Toskan4134.LethalRegeneration] Found package: LethalRegeneration[1.1.0]
		DATA:
		--NAME: Toskan4134-LethalRegeneration
		--LINK: https://thunderstore.io/c/lethal-company/p/Toskan4134/LethalRegeneration/
[Info   :CompatibilityChecker] [x753.More_Suits] Found package: More Suits[1.4.1]
		DATA:
		--NAME: OnlyFamily-More_Suits
		--LINK: https://thunderstore.io/c/lethal-company/p/OnlyFamily/More_Suits/
[Info   :CompatibilityChecker] [verity.TooManySuits] Found package: Too Many Suits[1.0.4]
		DATA:
		--NAME: FuTa-Woogie_Suits
		--LINK: https://thunderstore.io/c/lethal-company/p/FuTa/Woogie_Suits/
[Info   :CompatibilityChecker] [vzp.lethality] Found package: Better Lethality[1.0.0.0]
		DATA:
		--NAME: VZP_Mods-BetterLethality
		--LINK: https://thunderstore.io/c/lethal-company/p/VZP_Mods/BetterLethality/
[Info   :CompatibilityChecker] [WeatherMultipliers] Found package: WeatherMultipliers[1.0.0]
		DATA:
		--NAME: Blorb-WeatherMultipliers
		--LINK: https://thunderstore.io/c/lethal-company/p/Blorb/WeatherMultipliers/
[Warning:CompatibilityChecker] 
		--Mod LethalLib [evaisa.lethallib] v0.6.3 does not equal the latest release!
		--Latest version: v1.1.1
		--Link: https://thunderstore.io/c/lethal-company/p/PanHouse/LethalClunk/
		--Full mod name: PanHouse-LethalClunk
		--(If this is wrong, please ignore this.)

		--Mod TooManyEmotes [FlipMods.TooManyEmotes] v1.5.2 does not equal the latest release!
		--Latest version: v1.5.3
		--Link: https://thunderstore.io/c/lethal-company/p/FlipMods/TooManyEmotes/
		--Full mod name: FlipMods-TooManyEmotes
		--(If this is wrong, please ignore this.)

		--Mod HealthMetrics [Matsuura.HealthMetrics] v1.0.0 does not equal the latest release!
		--Latest version: v1.0.2
		--Link: https://thunderstore.io/c/lethal-company/p/matsuura/HealthMetrics/
		--Full mod name: matsuura-HealthMetrics
		--(If this is wrong, please ignore this.)

		--Mod Skinwalker Mod [RugbugRedfern.SkinwalkerMod] v1.0.8 does not equal the latest release!
		--Latest version: v2.0.1
		--Link: https://thunderstore.io/c/lethal-company/p/RugbugRedfern/Skinwalkers/
		--Full mod name: RugbugRedfern-Skinwalkers
		--(If this is wrong, please ignore this.)

		--Mod Too Many Suits [verity.TooManySuits] v1.0.4 does not equal the latest release!
		--Latest version: v1.1.2
		--Link: https://thunderstore.io/c/lethal-company/p/FuTa/Woogie_Suits/
		--Full mod name: FuTa-Woogie_Suits
		--(If this is wrong, please ignore this.)

[Warning:CompatibilityChecker] Server-sided Mod List Count: 8
[Info   :RugbugRedfern.SkinwalkerMod] Audio folder not present. Don't worry about it, it will be created automatically when you play with friends. (D:/Games/Lethal Company/Lethal Company v45/Lethal Company_Data\..\Dissonance_Diagnostics)
[Info   :RugbugRedfern.SkinwalkerMod] Audio folder not present. Don't worry about it, it will be created automatically when you play with friends. (D:/Games/Lethal Company/Lethal Company v45/Lethal Company_Data\..\Dissonance_Diagnostics)
[Message:    LC_API] server pre-setup success
[Info   : LethalLib] Adding 6 items to terminal
[Info   : LethalLib] MoreShipUpgrades registered item: Portable Tele
[Info   : LethalLib] MoreShipUpgrades registered item: Advanced Portable Tele
[Info   : LethalLib] MoreShipUpgrades registered item: Night Vision Goggles
[Info   : LethalLib] MoreShipUpgrades registered item: Medkit
[Info   : LethalLib] MoreShipUpgrades registered item: Diving Kit
[Info   : LethalLib] MoreShipUpgrades registered item: Peeper
[Info   :TooManyEmotes] Appending to terminal start text.
[Info   : LethalLib] MoreShipUpgrades registered item: Portable Tele
[Info   : LethalLib] MoreShipUpgrades registered item: Advanced Portable Tele
[Info   : LethalLib] MoreShipUpgrades registered item: Night Vision Goggles
[Info   : LethalLib] MoreShipUpgrades registered item: Medkit
[Info   : LethalLib] MoreShipUpgrades registered item: Diving Kit
[Info   : LethalLib] MoreShipUpgrades registered item: Peeper
[Info   : LethalLib] Adding 0 unlockables to unlockables list
[Info   :RugbugRedfern.SkinwalkerMod] HOST SENDING CONFIG TO CLIENTS
[Info   :RugbugRedfern.SkinwalkerMod] SkinwalkerNetworkManager Awake
[Info   : LethalLib] Adding 0 items to terminal
[Info   :LethalRegeneration] Registered Natural Regeneration
[Info   : LethalLib] Added custom dungeons to levels
[Info   :ACS.AdditionalSuits] AdditionalSuits - attempting to parse json file: D:\Games\Lethal Company\Lethal Company v45\BepInEx\plugins\resAdditionalSuits\suit-defs.json
[Info   :ACS.AdditionalSuits] AdditionalSuits - initialization failed!
ERROR: System.IO.DirectoryNotFoundException: Could not find a part of the path "D:\Games\Lethal Company\Lethal Company v45\BepInEx\plugins\resAdditionalSuits\suit-defs.json".
  at System.IO.FileStream..ctor (System.String path, System.IO.FileMode mode, System.IO.FileAccess access, System.IO.FileShare share, System.Int32 bufferSize, System.Boolean anonymous, System.IO.FileOptions options) [0x00164] in <787acc3c9a4c471ba7d971300105af24>:IL_0164 
  at System.IO.FileStream..ctor (System.String path, System.IO.FileMode mode, System.IO.FileAccess access, System.IO.FileShare share, System.Int32 bufferSize, System.IO.FileOptions options) [0x00000] in <787acc3c9a4c471ba7d971300105af24>:IL_0000 
  at (wrapper remoting-invoke-with-check) System.IO.FileStream..ctor(string,System.IO.FileMode,System.IO.FileAccess,System.IO.FileShare,int,System.IO.FileOptions)
  at System.IO.StreamReader..ctor (System.String path, System.Text.Encoding encoding, System.Boolean detectEncodingFromByteOrderMarks, System.Int32 bufferSize) [0x00055] in <787acc3c9a4c471ba7d971300105af24>:IL_0055 
  at System.IO.StreamReader..ctor (System.String path, System.Text.Encoding encoding, System.Boolean detectEncodingFromByteOrderMarks) [0x00000] in <787acc3c9a4c471ba7d971300105af24>:IL_0000 
  at (wrapper remoting-invoke-with-check) System.IO.StreamReader..ctor(string,System.Text.Encoding,bool)
  at System.IO.File.InternalReadAllText (System.String path, System.Text.Encoding encoding) [0x00000] in <787acc3c9a4c471ba7d971300105af24>:IL_0000 
  at System.IO.File.ReadAllText (System.String path) [0x0002c] in <787acc3c9a4c471ba7d971300105af24>:IL_002C 
  at AdditionalSuits.AdditionalSuitsBase+acgAdditionalSuitsPatch.acsStartOfRoundPatch (StartOfRound __instance) [0x00099] in <866f0aac7b7244d1881ba64289af930b>:IL_0099 
[Info   :TooManyEmotes] Loaded 8 unlockable emotes.
[Info   :TooManyEmotes] Loaded CurrentEmoteCredits: 100
[Info   :TooManyEmotes] Loaded Seed: 127309469
[Info   :TooManyEmotes] Rotating emote selection in store. Seed: 127309469
[Info   :Too Many Suits] StartOfRound!
[Info   :ReservedItemSlotCore] Adding 4 Reserved Item slots to the inventory HUD. Previous inventory HUD size: 4
[Info   :ReservedItemSlotCore] Adding Reserved Item slot for item types [Pro-flashlight]. Inventory index: 4
[Info   :ReservedItemSlotCore] Adding Reserved Item slot for item types [Walkie-talkie]. Inventory index: 5
[Info   :ReservedItemSlotCore] Finished adding 2 Reserved Item slots in the inventory HUD.
[Info   :RugbugRedfern.SkinwalkerMod] Audio folder not present. Don't worry about it, it will be created automatically when you play with friends. (D:/Games/Lethal Company/Lethal Company v45/Lethal Company_Data\..\Dissonance_Diagnostics)
[Info   :TooManyEmotes] Initializing custom emote hotkeys.
[Info   :TooManyEmotes] Subscribing to OnPressCustomEmoteKey events
[Info   :TooManyEmotes] Applied patch for MoreCompany Cosmetics
[Info   :TooManyEmotes] Applied patch for MoreCompany Cosmetics
[Info   :ReservedItemSlotCore] Adjusted for new hotbar size: 7
[Warning:    LC_API] Asking all other players for their mod list..
[Info   :RugbugRedfern.SkinwalkerMod] Audio folder not present. Don't worry about it, it will be created automatically when you play with friends. (D:/Games/Lethal Company/Lethal Company v45/Lethal Company_Data\..\Dissonance_Diagnostics)
[Info   :WeatherMultipliers.ApplyOnScrapGeneration] Set scrap value multiplier (2) for current weather "Flooded"
[Info   :WeatherMultipliers.ApplyOnScrapGeneration] Scrap generated, resetting scrap value multiplier to its original value of 0.4
[Info   :RugbugRedfern.SkinwalkerMod] Audio folder not present. Don't worry about it, it will be created automatically when you play with friends. (D:/Games/Lethal Company/Lethal Company v45/Lethal Company_Data\..\Dissonance_Diagnostics)
[Info   :RugbugRedfern.SkinwalkerMod] Audio folder not present. Don't worry about it, it will be created automatically when you play with friends. (D:/Games/Lethal Company/Lethal Company v45/Lethal Company_Data\..\Dissonance_Diagnostics)
[Info   :RugbugRedfern.SkinwalkerMod] Audio folder not present. Don't worry about it, it will be created automatically when you play with friends. (D:/Games/Lethal Company/Lethal Company v45/Lethal Company_Data\..\Dissonance_Diagnostics)
[Info   :RugbugRedfern.SkinwalkerMod] Audio folder not present. Don't worry about it, it will be created automatically when you play with friends. (D:/Games/Lethal Company/Lethal Company v45/Lethal Company_Data\..\Dissonance_Diagnostics)
[Info   :RugbugRedfern.SkinwalkerMod] Audio folder not present. Don't worry about it, it will be created automatically when you play with friends. (D:/Games/Lethal Company/Lethal Company v45/Lethal Company_Data\..\Dissonance_Diagnostics)
[Info   :RugbugRedfern.SkinwalkerMod] Audio folder not present. Don't worry about it, it will be created automatically when you play with friends. (D:/Games/Lethal Company/Lethal Company v45/Lethal Company_Data\..\Dissonance_Diagnostics)
[Info   :RugbugRedfern.SkinwalkerMod] Audio folder not present. Don't worry about it, it will be created automatically when you play with friends. (D:/Games/Lethal Company/Lethal Company v45/Lethal Company_Data\..\Dissonance_Diagnostics)
[Info   :RugbugRedfern.SkinwalkerMod] Audio folder not present. Don't worry about it, it will be created automatically when you play with friends. (D:/Games/Lethal Company/Lethal Company v45/Lethal Company_Data\..\Dissonance_Diagnostics)
[Info   :RugbugRedfern.SkinwalkerMod] IsEnemyEnabled DoublewingedBird(Clone) False
[Info   :RugbugRedfern.SkinwalkerMod] IsEnemyEnabled DocileLocustBees(Clone) False
[Info   :RugbugRedfern.SkinwalkerMod] IsEnemyEnabled DoublewingedBird(Clone) False
[Info   :RugbugRedfern.SkinwalkerMod] IsEnemyEnabled DoublewingedBird(Clone) False
[Info   :RugbugRedfern.SkinwalkerMod] IsEnemyEnabled DoublewingedBird(Clone) False
[Info   :RugbugRedfern.SkinwalkerMod] IsEnemyEnabled DocileLocustBees(Clone) False
[Info   :RugbugRedfern.SkinwalkerMod] IsEnemyEnabled DoublewingedBird(Clone) False
[Info   :RugbugRedfern.SkinwalkerMod] IsEnemyEnabled DocileLocustBees(Clone) False
[Info   :RugbugRedfern.SkinwalkerMod] Audio folder not present. Don't worry about it, it will be created automatically when you play with friends. (D:/Games/Lethal Company/Lethal Company v45/Lethal Company_Data\..\Dissonance_Diagnostics)
[Info   :RugbugRedfern.SkinwalkerMod] IsEnemyEnabled DoublewingedBird(Clone) False
[Info   :RugbugRedfern.SkinwalkerMod] IsEnemyEnabled DocileLocustBees(Clone) False
[Info   :RugbugRedfern.SkinwalkerMod] IsEnemyEnabled DoublewingedBird(Clone) False
[Info   :RugbugRedfern.SkinwalkerMod] IsEnemyEnabled DoublewingedBird(Clone) False
[Info   :RugbugRedfern.SkinwalkerMod] IsEnemyEnabled DoublewingedBird(Clone) False
[Info   :RugbugRedfern.SkinwalkerMod] IsEnemyEnabled DocileLocustBees(Clone) False
[Info   :RugbugRedfern.SkinwalkerMod] IsEnemyEnabled DoublewingedBird(Clone) False
[Info   :RugbugRedfern.SkinwalkerMod] IsEnemyEnabled DocileLocustBees(Clone) False
[Info   :TooManyEmotes] Unsubscribing from OnPressCustomEmoteKey events.
[Info   :RugbugRedfern.SkinwalkerMod] SkinwalkerNetworkManager OnDestroy
